Aug-11 14:56:51.863 [main] DEBUG nextflow.cli.Launcher - $> nextflow run main.nf -profile docker -c parameters_file.config --participant_id tool1
Aug-11 14:56:51.957 [main] INFO  nextflow.cli.CmdRun - N E X T F L O W  ~  version 23.10.1
Aug-11 14:56:51.978 [main] DEBUG nextflow.plugin.PluginsFacade - Setting up plugin manager > mode=prod; embedded=false; plugins-dir=/root/.nextflow/plugins; core-plugins: nf-amazon@2.1.4,nf-azure@1.3.3,nf-cloudcache@0.3.0,nf-codecommit@0.1.5,nf-console@1.0.6,nf-ga4gh@1.1.0,nf-google@1.8.3,nf-tower@1.6.3,nf-wave@1.0.1
Aug-11 14:56:51.989 [main] INFO  o.pf4j.DefaultPluginStatusProvider - Enabled plugins: []
Aug-11 14:56:51.990 [main] INFO  o.pf4j.DefaultPluginStatusProvider - Disabled plugins: []
Aug-11 14:56:51.993 [main] INFO  org.pf4j.DefaultPluginManager - PF4J version 3.4.1 in 'deployment' mode
Aug-11 14:56:52.007 [main] INFO  org.pf4j.AbstractPluginManager - No plugins
Aug-11 14:56:52.029 [main] DEBUG nextflow.config.ConfigBuilder - Found config local: /home/zohaib/Downloads/final_version/classification_metrics/classification/nextflow.config
Aug-11 14:56:52.033 [main] DEBUG nextflow.config.ConfigBuilder - User config file: /home/zohaib/Downloads/final_version/classification_metrics/classification/parameters_file.config
Aug-11 14:56:52.033 [main] DEBUG nextflow.config.ConfigBuilder - Parsing config file: /home/zohaib/Downloads/final_version/classification_metrics/classification/nextflow.config
Aug-11 14:56:52.033 [main] DEBUG nextflow.config.ConfigBuilder - Parsing config file: /home/zohaib/Downloads/final_version/classification_metrics/classification/parameters_file.config
Aug-11 14:56:52.066 [main] DEBUG nextflow.config.ConfigBuilder - Applying config profile: `docker`
Aug-11 14:56:52.842 [main] DEBUG nextflow.config.ConfigBuilder - Applying config profile: `docker`
Aug-11 14:56:52.868 [main] DEBUG nextflow.config.ConfigBuilder - Available config profiles: [docker]
Aug-11 14:56:52.898 [main] DEBUG nextflow.cli.CmdRun - Applied DSL=2 from script declararion
Aug-11 14:56:52.917 [main] INFO  nextflow.cli.CmdRun - Launching `main.nf` [silly_stone] DSL2 - revision: 17f75be415
Aug-11 14:56:52.918 [main] DEBUG nextflow.plugin.PluginsFacade - Plugins default=[]
Aug-11 14:56:52.918 [main] DEBUG nextflow.plugin.PluginsFacade - Plugins resolved requirement=[]
Aug-11 14:56:52.927 [main] DEBUG n.secret.LocalSecretsProvider - Secrets store: /root/.nextflow/secrets/store.json
Aug-11 14:56:52.929 [main] DEBUG nextflow.secret.SecretsLoader - Discovered secrets providers: [nextflow.secret.LocalSecretsProvider@24a86066] - activable => nextflow.secret.LocalSecretsProvider@24a86066
Aug-11 14:56:52.981 [main] DEBUG nextflow.Session - Session UUID: cf36a21a-17c8-406f-8803-222d7ad6b119
Aug-11 14:56:52.981 [main] DEBUG nextflow.Session - Run name: silly_stone
Aug-11 14:56:52.982 [main] DEBUG nextflow.Session - Executor pool size: 48
Aug-11 14:56:52.989 [main] DEBUG nextflow.file.FilePorter - File porter settings maxRetries=3; maxTransfers=50; pollTimeout=null
Aug-11 14:56:52.992 [main] DEBUG nextflow.util.ThreadPoolBuilder - Creating thread pool 'FileTransfer' minSize=10; maxSize=144; workQueue=LinkedBlockingQueue[10000]; allowCoreThreadTimeout=false
Aug-11 14:56:53.020 [main] DEBUG nextflow.cli.CmdRun - 
  Version: 23.10.1 build 5891
  Created: 12-01-2024 22:01 UTC 
  System: Linux 5.15.0-141-generic
  Runtime: Groovy 3.0.19 on OpenJDK 64-Bit Server VM 11.0.28+6-post-Ubuntu-1ubuntu122.04.1
  Encoding: UTF-8 (UTF-8)
  Process: 661277@a0523397601 [127.0.1.1]
  CPUs: 48 - Mem: 251.7 GB (4.2 GB) - Swap: 8 GB (2.8 GB)
Aug-11 14:56:53.048 [main] DEBUG nextflow.Session - Work-dir: /home/zohaib/Downloads/final_version/classification_metrics/classification/work [ext2/ext3]
Aug-11 14:56:53.048 [main] DEBUG nextflow.Session - Script base path does not exist or is not a directory: /home/zohaib/Downloads/final_version/classification_metrics/classification/bin
Aug-11 14:56:53.059 [main] DEBUG nextflow.executor.ExecutorFactory - Extension executors providers=[]
Aug-11 14:56:53.069 [main] DEBUG nextflow.Session - Observer factory: DefaultObserverFactory
Aug-11 14:56:53.109 [main] DEBUG nextflow.cache.CacheFactory - Using Nextflow cache factory: nextflow.cache.DefaultCacheFactory
Aug-11 14:56:53.119 [main] DEBUG nextflow.util.CustomThreadPool - Creating default thread pool > poolSize: 49; maxThreads: 1000
Aug-11 14:56:53.179 [main] DEBUG nextflow.Session - Session start
Aug-11 14:56:53.183 [main] DEBUG nextflow.trace.TraceFileObserver - Workflow started -- trace file: /home/zohaib/Downloads/final_version/classification_metrics/classification/output_data/stats/trace.txt
Aug-11 14:56:53.940 [main] DEBUG nextflow.script.ScriptRunner - > Launching execution
Aug-11 14:56:53.947 [main] WARN  nextflow.script.ScriptBinding - Access to undefined parameter `help` -- Initialise it to a default value eg. `params.help = some_value`
Aug-11 14:56:53.955 [main] WARN  nextflow.script.ScriptBinding - Access to undefined parameter `otherdir` -- Initialise it to a default value eg. `params.otherdir = some_value`
Aug-11 14:56:53.957 [main] INFO  nextflow.Nextflow - 
  ==============================================
  BENCHMARKING PIPELINE IN OPENEBENCH
  ==============================================
      Input file: /home/zohaib/Downloads/final_version/classification_metrics/classification/input_data/participant_dir/predictions.csv
      Benchmarking community = EuCanImage
Challenges ids: ECI_UC7_Class
Participant id : tool1
Gold standard dataset DIR: /home/zohaib/Downloads/final_version/classification_metrics/classification/input_data/goldstandard_dir
Validation result JSON file: /home/zohaib/Downloads/final_version/classification_metrics/classification/output_data/validated_result.json
         Assessment results JSON files: /home/zohaib/Downloads/final_version/classification_metrics/classification/output_data/assessment_results.json
Consolidation result JSON file: /home/zohaib/Downloads/final_version/classification_metrics/classification/output_data/consolidated_result.json
      Benchmark datasets DIR: /home/zohaib/Downloads/final_version/classification_metrics/classification/output_data
      Nextflow statistics DIR: /home/zohaib/Downloads/final_version/classification_metrics/classification/output_data/stats
         Benchmarking event: PCR_Prediction
   Minimal aggregation data template JSON file: /home/zohaib/Downloads/final_version/classification_metrics/classification/input_data/minimal_aggregation_template.json
// Public reference data DIR: /home/zohaib/Downloads/final_version/classification_metrics/classification/input_data/public_ref_dir
      // Community-specific results DIR: null


Aug-11 14:56:54.083 [main] DEBUG nextflow.script.ProcessConfig - Config settings `withName:validation` matches process validation
Aug-11 14:56:54.092 [main] DEBUG nextflow.executor.ExecutorFactory - << taskConfig executor: null
Aug-11 14:56:54.092 [main] DEBUG nextflow.executor.ExecutorFactory - >> processorType: 'local'
Aug-11 14:56:54.099 [main] DEBUG nextflow.executor.Executor - [warm up] executor > local
Aug-11 14:56:54.105 [main] DEBUG n.processor.LocalPollingMonitor - Creating local task monitor for executor 'local' > cpus=48; memory=251.7 GB; capacity=48; pollInterval=100ms; dumpInterval=5m
Aug-11 14:56:54.107 [main] DEBUG n.processor.TaskPollingMonitor - >>> barrier register (monitor: local)
Aug-11 14:56:54.252 [main] DEBUG nextflow.script.ProcessConfig - Config settings `withName:compute_metrics` matches process compute_metrics
Aug-11 14:56:54.253 [main] DEBUG nextflow.executor.ExecutorFactory - << taskConfig executor: null
Aug-11 14:56:54.253 [main] DEBUG nextflow.executor.ExecutorFactory - >> processorType: 'local'
Aug-11 14:56:54.266 [main] DEBUG nextflow.script.ProcessConfig - Config settings `withName:benchmark_consolidation` matches process benchmark_consolidation
Aug-11 14:56:54.268 [main] DEBUG nextflow.executor.ExecutorFactory - << taskConfig executor: null
Aug-11 14:56:54.268 [main] DEBUG nextflow.executor.ExecutorFactory - >> processorType: 'local'
Aug-11 14:56:54.276 [main] DEBUG nextflow.Session - Workflow process names [dsl2]: compute_metrics, benchmark_consolidation, validation
Aug-11 14:56:54.277 [main] DEBUG nextflow.Session - Igniting dataflow network (6)
Aug-11 14:56:54.285 [main] DEBUG nextflow.processor.TaskProcessor - Starting process > validation
Aug-11 14:56:54.287 [main] DEBUG nextflow.processor.TaskProcessor - Starting process > compute_metrics
Aug-11 14:56:54.288 [main] DEBUG nextflow.processor.TaskProcessor - Starting process > benchmark_consolidation
Aug-11 14:56:54.289 [main] DEBUG nextflow.script.ScriptRunner - Parsed script files:
  Script_1f5a3ce86072ad02: /home/zohaib/Downloads/final_version/classification_metrics/classification/main.nf
Aug-11 14:56:54.289 [main] DEBUG nextflow.script.ScriptRunner - > Awaiting termination 
Aug-11 14:56:54.289 [main] DEBUG nextflow.Session - Session await
Aug-11 14:56:54.572 [Task submitter] DEBUG n.executor.local.LocalTaskHandler - Launch cmd line: /bin/bash -ue .command.run
Aug-11 14:56:54.578 [Task submitter] INFO  nextflow.Session - [36/1932e4] Submitted process > validation (Validating input file format)
Aug-11 14:56:56.147 [Task monitor] DEBUG n.processor.TaskPollingMonitor - Task completed > TaskHandler[id: 1; name: validation (Validating input file format); status: COMPLETED; exit: 0; error: -; workDir: /home/zohaib/Downloads/final_version/classification_metrics/classification/work/36/1932e47f1092d0c6c938a2e1867389]
Aug-11 14:56:56.174 [Task monitor] DEBUG nextflow.util.ThreadPoolBuilder - Creating thread pool 'PublishDir' minSize=10; maxSize=144; workQueue=LinkedBlockingQueue[10000]; allowCoreThreadTimeout=false
Aug-11 14:56:56.197 [Task submitter] DEBUG n.executor.local.LocalTaskHandler - Launch cmd line: /bin/bash -ue .command.run
Aug-11 14:56:56.198 [Task submitter] INFO  nextflow.Session - [2d/5addf9] Submitted process > compute_metrics (Computing benchmark metrics for submitted data)
Aug-11 14:56:58.173 [Task monitor] DEBUG n.processor.TaskPollingMonitor - Task completed > TaskHandler[id: 2; name: compute_metrics (Computing benchmark metrics for submitted data); status: COMPLETED; exit: 0; error: -; workDir: /home/zohaib/Downloads/final_version/classification_metrics/classification/work/2d/5addf92337dd9b5dec55cef827777a]
Aug-11 14:56:58.195 [Task submitter] DEBUG n.executor.local.LocalTaskHandler - Launch cmd line: /bin/bash -ue .command.run
Aug-11 14:56:58.195 [Task submitter] INFO  nextflow.Session - [a2/e14737] Submitted process > benchmark_consolidation (Performing benchmark assessment and building plots)
Aug-11 14:57:01.032 [Task monitor] DEBUG n.processor.TaskPollingMonitor - Task completed > TaskHandler[id: 3; name: benchmark_consolidation (Performing benchmark assessment and building plots); status: COMPLETED; exit: 0; error: -; workDir: /home/zohaib/Downloads/final_version/classification_metrics/classification/work/a2/e14737a7b1cf6948f470b6cf008dbf]
Aug-11 14:57:01.038 [main] DEBUG nextflow.Session - Session await > all processes finished
Aug-11 14:57:01.039 [Task monitor] DEBUG n.processor.TaskPollingMonitor - <<< barrier arrives (monitor: local) - terminating tasks monitor poll loop
Aug-11 14:57:01.039 [main] DEBUG nextflow.Session - Session await > all barriers passed
Aug-11 14:57:01.044 [main] DEBUG nextflow.util.ThreadPoolManager - Thread pool 'PublishDir' shutdown completed (hard=false)
Aug-11 14:57:01.047 [main] INFO  nextflow.script.BaseScript - Done!
Aug-11 14:57:01.051 [main] DEBUG n.trace.WorkflowStatsObserver - Workflow completed > WorkflowStats[succeededCount=3; failedCount=0; ignoredCount=0; cachedCount=0; pendingCount=0; submittedCount=0; runningCount=0; retriesCount=0; abortedCount=0; succeedDuration=3.1s; failedDuration=0ms; cachedDuration=0ms;loadCpus=0; loadMemory=0; peakRunning=1; peakCpus=1; peakMemory=0; ]
Aug-11 14:57:01.051 [main] DEBUG nextflow.trace.TraceFileObserver - Workflow completed -- saving trace file
Aug-11 14:57:01.053 [main] DEBUG nextflow.trace.ReportObserver - Workflow completed -- rendering execution report
Aug-11 14:57:01.596 [main] DEBUG nextflow.trace.TimelineObserver - Workflow completed -- rendering execution timeline
Aug-11 14:57:01.689 [main] DEBUG nextflow.cache.CacheDB - Closing CacheDB done
Aug-11 14:57:01.704 [main] DEBUG nextflow.util.ThreadPoolManager - Thread pool 'FileTransfer' shutdown completed (hard=false)
Aug-11 14:57:01.705 [main] DEBUG nextflow.script.ScriptRunner - > Execution complete -- Goodbye
