.command.run: line 284: TZ: unbound variable
2025-08-11 14:56:59  INFO:Starting script
2025-08-11 14:56:59  INFO:Using event: PCR_Prediction
2025-08-11 14:56:59  INFO:Assessment data: ['assessment_results.json']
2025-08-11 14:56:59  WARNING:No handles with labels found to put in legend.
2025-08-11 14:56:59  WARNING:No handles with labels found to put in legend.
2025-08-11 14:56:59  WARNING:No handles with labels found to put in legend.
2025-08-11 14:56:59  WARNING:No handles with labels found to put in legend.
2025-08-11 14:56:59  WARNING:No handles with labels found to put in legend.
2025-08-11 14:57:00  WARNING:No handles with labels found to put in legend.
2025-08-11 14:57:00  WARNING:No handles with labels found to put in legend.
2025-08-11 14:57:00  WARNING:No handles with labels found to put in legend.
2025-08-11 14:57:00  WARNING:No handles with labels found to put in legend.
2025-08-11 14:57:00  WARNING:No handles with labels found to put in legend.
2025-08-11 14:57:00  WARNING:No handles with labels found to put in legend.
2025-08-11 14:57:00  WARNING:No handles with labels found to put in legend.
2025-08-11 14:57:00  WARNING:No handles with labels found to put in legend.
2025-08-11 14:57:00  INFO:Finished script successfully.
HERE ['assessment_results.json'] output_data
HERE [{'_id': 'EuCanImage:PCR_Prediction_ECI_UC7_Class_agg:sensitivity', 'challenges_ids': ['ECI_UC7_Class'], 'datalink': {'inline_data': {'challenge_participants': [{'participant_id': 'tool1', 'metric_value': 0.8928571428571429}], 'visualization': {'type': 'bar-plot', 'metric': 'sensitivity'}}}, 'type': 'aggregation'}, {'_id': 'EuCanImage:PCR_Prediction_ECI_UC7_Class_agg:specificity', 'challenges_ids': ['ECI_UC7_Class'], 'datalink': {'inline_data': {'challenge_participants': [{'participant_id': 'tool1', 'metric_value': 0.9772727272727273}], 'visualization': {'type': 'bar-plot', 'metric': 'specificity'}}}, 'type': 'aggregation'}, {'_id': 'EuCanImage:PCR_Prediction_ECI_UC7_Class_agg:precision', 'challenges_ids': ['ECI_UC7_Class'], 'datalink': {'inline_data': {'challenge_participants': [{'participant_id': 'tool1', 'metric_value': 0.9803921568627451}], 'visualization': {'type': 'bar-plot', 'metric': 'precision'}}}, 'type': 'aggregation'}, {'_id': 'EuCanImage:PCR_Prediction_ECI_UC7_Class_agg:npv', 'challenges_ids': ['ECI_UC7_Class'], 'datalink': {'inline_data': {'challenge_participants': [{'participant_id': 'tool1', 'metric_value': 0.8775510204081632}], 'visualization': {'type': 'bar-plot', 'metric': 'npv'}}}, 'type': 'aggregation'}, {'_id': 'EuCanImage:PCR_Prediction_ECI_UC7_Class_agg:accuracy', 'challenges_ids': ['ECI_UC7_Class'], 'datalink': {'inline_data': {'challenge_participants': [{'participant_id': 'tool1', 'metric_value': 0.93}], 'visualization': {'type': 'bar-plot', 'metric': 'accuracy'}}}, 'type': 'aggregation'}, {'_id': 'EuCanImage:PCR_Prediction_ECI_UC7_Class_agg:balanced_accuracy', 'challenges_ids': ['ECI_UC7_Class'], 'datalink': {'inline_data': {'challenge_participants': [{'participant_id': 'tool1', 'metric_value': 0.9350649350649352}], 'visualization': {'type': 'bar-plot', 'metric': 'balanced_accuracy'}}}, 'type': 'aggregation'}, {'_id': 'EuCanImage:PCR_Prediction_ECI_UC7_Class_agg:f1_score', 'challenges_ids': ['ECI_UC7_Class'], 'datalink': {'inline_data': {'challenge_participants': [{'participant_id': 'tool1', 'metric_value': 0.9345794392523364}], 'visualization': {'type': 'bar-plot', 'metric': 'f1_score'}}}, 'type': 'aggregation'}, {'_id': 'EuCanImage:PCR_Prediction_ECI_UC7_Class_agg:balanced_accuracy', 'challenges_ids': ['ECI_UC7_Class'], 'datalink': {'inline_data': {'challenge_participants': [{'participant_id': 'tool1', 'metric_value': 0.9350649350649352}], 'visualization': {'type': 'bar-plot', 'metric': 'balanced_accuracy'}}}, 'type': 'aggregation'}, {'_id': 'EuCanImage:PCR_Prediction_ECI_UC7_Class_agg:cohen_kappa', 'challenges_ids': ['ECI_UC7_Class'], 'datalink': {'inline_data': {'challenge_participants': [{'participant_id': 'tool1', 'metric_value': 0.859663191659984}], 'visualization': {'type': 'bar-plot', 'metric': 'cohen_kappa'}}}, 'type': 'aggregation'}, {'_id': 'EuCanImage:PCR_Prediction_ECI_UC7_Class_agg:weighted_cohen_kappa', 'challenges_ids': ['ECI_UC7_Class'], 'datalink': {'inline_data': {'challenge_participants': [{'participant_id': 'tool1', 'metric_value': 0.859663191659984}], 'visualization': {'type': 'bar-plot', 'metric': 'weighted_cohen_kappa'}}}, 'type': 'aggregation'}, {'_id': 'EuCanImage:PCR_Prediction_ECI_UC7_Class_agg:weighted_cohen_kappa', 'challenges_ids': ['ECI_UC7_Class'], 'datalink': {'inline_data': {'challenge_participants': [{'participant_id': 'tool1', 'metric_value': 0.859663191659984}], 'visualization': {'type': 'bar-plot', 'metric': 'weighted_cohen_kappa'}}}, 'type': 'aggregation'}, {'_id': 'EuCanImage:PCR_Prediction_ECI_UC7_Class_agg:matthews_corrcoef', 'challenges_ids': ['ECI_UC7_Class'], 'datalink': {'inline_data': {'challenge_participants': [{'participant_id': 'tool1', 'metric_value': 0.8640150377265107}], 'visualization': {'type': 'bar-plot', 'metric': 'matthews_corrcoef'}}}, 'type': 'aggregation'}, {'_id': 'EuCanImage:PCR_Prediction_ECI_UC7_Class_agg:roc_auc', 'challenges_ids': ['ECI_UC7_Class'], 'datalink': {'inline_data': {'challenge_participants': [{'participant_id': 'tool1', 'metric_value': 0.9874188311688312}], 'visualization': {'type': 'bar-plot', 'metric': 'roc_auc'}}}, 'type': 'aggregation'}]
